<?xml version="1.0" encoding="UTF-8"?>
<!-- Generated by org.testng.reporters.JUnitXMLReporter -->
<testsuite hostname="DESKTOP-FL6G5K8" ignored="0" name="Test" tests="6" failures="3" timestamp="2021-11-30T10:39:56 IST" time="51.368" errors="0">
  <testcase name="test_account_registration" time="8.278" classname="testCases.TC_001_AccoiuntRegistration"/>
  <testcase name="test_Login" time="8.307" classname="testCases.TC_002_Login"/>
  <testcase name="test_LoginDDT" time="4.173" classname="testCases.TC_003_LoginDDT">
    <failure type="java.lang.AssertionError" message="null">
      <![CDATA[java.lang.AssertionError: null
at testCases.TC_003_LoginDDT.test_LoginDDT(TC_003_LoginDDT.java:85)
at java.util.ArrayList.forEach(ArrayList.java:1259)
... Removed 29 stack frames]]>
    </failure>
  </testcase> <!-- test_LoginDDT -->
  <testcase name="test_LoginDDT" time="4.076" classname="testCases.TC_003_LoginDDT">
    <failure type="java.lang.AssertionError" message="null">
      <![CDATA[java.lang.AssertionError: null
at testCases.TC_003_LoginDDT.test_LoginDDT(TC_003_LoginDDT.java:85)
at java.util.ArrayList.forEach(ArrayList.java:1259)
... Removed 29 stack frames]]>
    </failure>
  </testcase> <!-- test_LoginDDT -->
  <testcase name="test_LoginDDT" time="4.251" classname="testCases.TC_003_LoginDDT">
    <failure type="java.lang.AssertionError" message="null">
      <![CDATA[java.lang.AssertionError: null
at testCases.TC_003_LoginDDT.test_LoginDDT(TC_003_LoginDDT.java:85)
at java.util.ArrayList.forEach(ArrayList.java:1259)
... Removed 29 stack frames]]>
    </failure>
  </testcase> <!-- test_LoginDDT -->
  <testcase name="test_LoginDDT" time="8.188" classname="testCases.TC_003_LoginDDT"/>
</testsuite> <!-- Test -->
