<?xml version="1.0" encoding="UTF-8"?>
<!-- Generated by org.testng.reporters.JUnitXMLReporter -->
<testsuite hostname="DESKTOP-FL6G5K8" ignored="0" name="Test" tests="6" failures="0" timestamp="2021-11-29T22:48:49 IST" time="60.908" errors="0">
  <testcase name="test_account_registration" time="8.582" classname="testCases.TC_001_AccoiuntRegistration"/>
  <testcase name="test_Login" time="8.333" classname="testCases.TC_002_Login"/>
  <testcase name="test_LoginDDT" time="7.282" classname="testCases.TC_003_LoginDDT"/>
  <testcase name="test_LoginDDT" time="7.169" classname="testCases.TC_003_LoginDDT"/>
  <testcase name="test_LoginDDT" time="7.729" classname="testCases.TC_003_LoginDDT"/>
  <testcase name="test_LoginDDT" time="8.444" classname="testCases.TC_003_LoginDDT"/>
</testsuite> <!-- Test -->
